<?xml version="1.0" encoding="UTF-8"?>
<testng-results ignored="0" total="1" passed="1" failed="0" skipped="0">
  <reporter-output>
  </reporter-output>
  <suite started-at="2023-08-14T09:12:59 CDT" name="Suite" finished-at="2023-08-14T09:13:36 CDT" duration-ms="37039">
    <groups>
    </groups>
    <test started-at="2023-08-14T09:12:59 CDT" name="chromeTest" finished-at="2023-08-14T09:13:36 CDT" duration-ms="37039">
      <class name="com.automation.tests.AutomationScripts">
        <test-method is-config="true" signature="setUpForBeforeTest()[pri:0, instance:com.automation.tests.AutomationScripts@741a8937]" started-at="2023-08-14T09:12:59 CDT" name="setUpForBeforeTest" finished-at="2023-08-14T09:12:59 CDT" duration-ms="314" status="PASS">
          <reporter-output>
          </reporter-output>
        </test-method> <!-- setUpForBeforeTest -->
        <test-method is-config="true" signature="setUpBeforeTestMethod(java.lang.String)[pri:0, instance:com.automation.tests.AutomationScripts@741a8937]" started-at="2023-08-14T09:12:59 CDT" name="setUpBeforeTestMethod" finished-at="2023-08-14T09:13:05 CDT" duration-ms="5506" status="PASS">
          <params>
            <param index="0">
              <value>
                <![CDATA[chrome]]>
              </value>
            </param>
          </params>
          <reporter-output>
          </reporter-output>
        </test-method> <!-- setUpBeforeTestMethod -->
        <test-method signature="login_to_firebase_testscript()[pri:0, instance:com.automation.tests.AutomationScripts@741a8937]" started-at="2023-08-14T09:13:05 CDT" name="login_to_firebase_testscript" finished-at="2023-08-14T09:13:36 CDT" duration-ms="30865" status="PASS">
          <reporter-output>
          </reporter-output>
        </test-method> <!-- login_to_firebase_testscript -->
        <test-method is-config="true" signature="tearDownAfterTestMethod()[pri:0, instance:com.automation.tests.AutomationScripts@741a8937]" started-at="2023-08-14T09:13:36 CDT" name="tearDownAfterTestMethod" finished-at="2023-08-14T09:13:36 CDT" duration-ms="154" status="PASS">
          <reporter-output>
          </reporter-output>
        </test-method> <!-- tearDownAfterTestMethod -->
      </class> <!-- com.automation.tests.AutomationScripts -->
    </test> <!-- chromeTest -->
  </suite> <!-- Suite -->
</testng-results>
